<?xml version="1.0" encoding="UTF-8"?>
<testng-results skipped="0" failed="0" ignored="0" total="1" passed="1">
  <reporter-output>
  </reporter-output>
  <suite name="Default suite" duration-ms="29778" started-at="2019-12-30T17:04:34 EST" finished-at="2019-12-30T17:05:04 EST">
    <groups>
    </groups>
    <test name="Default test" duration-ms="29778" started-at="2019-12-30T17:04:34 EST" finished-at="2019-12-30T17:05:04 EST">
      <class name="demo.Test1">
        <test-method status="PASS" signature="setUp()[pri:0, instance:demo.Test1@27a8c74e]" name="setUp" is-config="true" duration-ms="11569" started-at="2019-12-30T17:04:34 EST" finished-at="2019-12-30T17:04:46 EST">
          <reporter-output>
          </reporter-output>
        </test-method> <!-- setUp -->
        <test-method status="PASS" signature="testUntitledTestCase()[pri:0, instance:demo.Test1@27a8c74e]" name="testUntitledTestCase" duration-ms="17507" started-at="2019-12-30T17:04:46 EST" finished-at="2019-12-30T17:05:03 EST">
          <reporter-output>
          </reporter-output>
        </test-method> <!-- testUntitledTestCase -->
        <test-method status="PASS" signature="tearDown()[pri:0, instance:demo.Test1@27a8c74e]" name="tearDown" is-config="true" duration-ms="670" started-at="2019-12-30T17:05:03 EST" finished-at="2019-12-30T17:05:04 EST">
          <reporter-output>
          </reporter-output>
        </test-method> <!-- tearDown -->
      </class> <!-- demo.Test1 -->
    </test> <!-- Default test -->
  </suite> <!-- Default suite -->
</testng-results>
